<?xml version="1.0" encoding="UTF-8"?>
<!-- Generated by org.testng.reporters.JUnitReportReporter -->
<testsuite hostname="C02XT4FBJGH5" name="gojek.compare.TestRESTComparator" tests="9" failures="0" timestamp="28 Apr 2019 06:54:41 GMT" time="1.094" errors="0">
  <testcase name="testCompareWithDifferentBody" time="1.010" classname="gojek.compare.TestRESTComparator"/>
  <testcase name="testCompareWithSameBody" time="0.019" classname="gojek.compare.TestRESTComparator"/>
  <testcase name="testNullFiles" time="0.000" classname="gojek.compare.TestRESTComparator"/>
  <testcase name="testNullFiles" time="0.000" classname="gojek.compare.TestRESTComparator"/>
  <testcase name="testNullFiles" time="0.000" classname="gojek.compare.TestRESTComparator"/>
  <testcase name="testNullFiles" time="0.000" classname="gojek.compare.TestRESTComparator"/>
  <testcase name="testCompareWithSameStatusCode" time="0.019" classname="gojek.compare.TestRESTComparator"/>
  <testcase name="testCompareWithDifferentHeader" time="0.024" classname="gojek.compare.TestRESTComparator"/>
  <testcase name="testCompareWithDifferentStatusCode" time="0.022" classname="gojek.compare.TestRESTComparator"/>
</testsuite> <!-- gojek.compare.TestRESTComparator -->
